TN:
SF:public\js\app.js
FNF:0
FNH:0
DA:1,1
LF:1
LH:1
BRF:0
BRH:0
end_of_record
TN:
SF:public\js\models\BowlingFrame.js
FN:1,(anonymous_1)
FN:2,(anonymous_2)
FN:11,(anonymous_3)
FN:17,(anonymous_4)
FN:25,(anonymous_5)
FNF:5
FNH:5
FNDA:20,(anonymous_1)
FNDA:175,(anonymous_2)
FNDA:143,(anonymous_3)
FNDA:143,(anonymous_4)
FNDA:381,(anonymous_5)
DA:1,1
DA:2,20
DA:3,175
DA:4,175
DA:5,175
DA:6,175
DA:7,175
DA:8,175
DA:11,20
DA:12,143
DA:13,143
DA:14,143
DA:17,20
DA:18,143
DA:19,18
DA:20,125
DA:21,32
DA:25,20
DA:26,381
DA:27,381
DA:28,381
DA:29,381
DA:32,20
DA:36,1
LF:24
LH:24
BRDA:18,1,0,18
BRDA:18,1,1,125
BRDA:18,2,0,143
BRDA:18,2,1,50
BRDA:20,3,0,32
BRDA:20,3,1,93
BRDA:26,4,0,381
BRDA:26,4,1,31
BRDA:27,5,0,381
BRDA:27,5,1,153
BRF:10
BRH:10
end_of_record
TN:
SF:public\js\models\BowlingGame.js
FN:1,(anonymous_1)
FN:2,(anonymous_2)
FN:11,(anonymous_3)
FN:26,(anonymous_4)
FN:33,(anonymous_5)
FN:41,(anonymous_6)
FN:45,(anonymous_7)
FN:49,(anonymous_8)
FN:53,(anonymous_9)
FN:59,(anonymous_10)
FN:77,(anonymous_11)
FN:87,(anonymous_12)
FN:107,(anonymous_13)
FNF:13
FNH:13
FNDA:14,(anonymous_1)
FNDA:15,(anonymous_2)
FNDA:121,(anonymous_3)
FNDA:74,(anonymous_4)
FNDA:15,(anonymous_5)
FNDA:75,(anonymous_6)
FNDA:71,(anonymous_7)
FNDA:14,(anonymous_8)
FNDA:114,(anonymous_9)
FNDA:7,(anonymous_10)
FNDA:121,(anonymous_11)
FNDA:74,(anonymous_12)
FNDA:74,(anonymous_13)
DA:1,1
DA:2,14
DA:3,15
DA:4,15
DA:5,15
DA:6,15
DA:7,15
DA:8,15
DA:11,14
DA:12,121
DA:14,114
DA:15,71
DA:16,71
DA:17,71
DA:19,43
DA:20,43
DA:22,114
DA:26,14
DA:27,74
DA:28,74
DA:29,74
DA:30,74
DA:33,14
DA:34,15
DA:35,140
DA:37,1
DA:41,14
DA:42,75
DA:45,14
DA:46,71
DA:49,14
DA:50,14
DA:53,14
DA:54,114
DA:55,114
DA:56,4
DA:59,14
DA:60,7
DA:61,6
DA:62,3
DA:63,3
DA:65,3
DA:66,3
DA:67,3
DA:70,1
DA:71,1
DA:72,1
DA:73,1
DA:77,14
DA:78,121
DA:79,1
DA:80,1
DA:81,120
DA:82,6
DA:83,6
DA:84,114
DA:87,14
DA:88,74
DA:89,310
DA:90,310
DA:91,310
DA:92,310
DA:93,310
DA:94,62
DA:96,310
DA:97,63
DA:99,310
DA:100,52
DA:107,14
DA:108,74
DA:109,74
DA:110,74
DA:111,74
DA:112,74
DA:113,74
DA:114,74
DA:115,74
DA:116,74
DA:117,74
DA:118,74
DA:123,14
DA:127,1
LF:82
LH:82
BRDA:12,1,0,7
BRDA:12,1,1,114
BRDA:14,2,0,71
BRDA:14,2,1,43
BRDA:17,3,0,27
BRDA:17,3,1,44
BRDA:34,4,0,14
BRDA:34,4,1,1
BRDA:55,5,0,4
BRDA:55,5,1,110
BRDA:55,6,0,114
BRDA:55,6,1,7
BRDA:60,7,0,6
BRDA:60,7,1,1
BRDA:61,8,0,3
BRDA:61,8,1,3
BRDA:78,9,0,1
BRDA:78,9,1,120
BRDA:78,10,0,121
BRDA:78,10,1,7
BRDA:81,11,0,6
BRDA:81,11,1,114
BRDA:81,12,0,120
BRDA:81,12,1,6
BRDA:91,13,0,310
BRDA:91,13,1,247
BRDA:93,14,0,62
BRDA:93,14,1,248
BRDA:93,15,0,310
BRDA:93,15,1,310
BRDA:96,16,0,63
BRDA:96,16,1,247
BRDA:96,17,0,310
BRDA:96,17,1,310
BRDA:96,17,2,126
BRDA:99,18,0,52
BRDA:99,18,1,258
BRDA:99,19,0,310
BRDA:99,19,1,310
BRDA:99,19,2,126
BRDA:99,19,3,63
BRDA:108,20,0,74
BRDA:108,20,1,74
BRDA:108,20,2,0
BRDA:109,21,0,74
BRDA:109,21,1,63
BRDA:109,21,2,11
BRDA:110,22,0,74
BRDA:110,22,1,53
BRDA:110,22,2,21
BRDA:111,23,0,74
BRDA:111,23,1,46
BRDA:111,23,2,28
BRDA:112,24,0,74
BRDA:112,24,1,39
BRDA:112,24,2,35
BRDA:113,25,0,74
BRDA:113,25,1,33
BRDA:113,25,2,41
BRDA:114,26,0,74
BRDA:114,26,1,27
BRDA:114,26,2,47
BRDA:115,27,0,74
BRDA:115,27,1,21
BRDA:115,27,2,53
BRDA:116,28,0,74
BRDA:116,28,1,15
BRDA:116,28,2,59
BRDA:117,29,0,74
BRDA:117,29,1,9
BRDA:117,29,2,65
BRF:71
BRH:70
end_of_record
TN:
SF:public\js\helpers\rangeFilter.js
FN:3,(anonymous_1)
FN:4,(anonymous_2)
FNF:2
FNH:2
FNDA:2,(anonymous_1)
FNDA:2,(anonymous_2)
DA:1,1
DA:4,2
DA:5,2
DA:6,2
DA:7,22
DA:8,2
LF:6
LH:6
BRF:0
BRH:0
end_of_record
TN:
SF:public\js\helpers\setupGameService.js
FN:1,(anonymous_1)
FN:3,(anonymous_2)
FNF:2
FNH:2
FNDA:2,(anonymous_1)
FNDA:2,(anonymous_2)
DA:1,1
DA:2,2
DA:3,2
DA:4,2
DA:5,2
DA:6,2
DA:7,20
DA:9,2
DA:10,2
DA:13,2
DA:14,2
DA:17,1
LF:12
LH:12
BRF:0
BRH:0
end_of_record
